#*OUTPUT EVTP
#*EVENT NRS IN MEASUREMENT OF TPRIME DISTRIBUTION
#  0.10000E+07     ULUMI (1/NB)
#            1     IPN
#     1.000000     SED
#     0.100000     X
#     0.010000     XBIN
#     1.000000     QQ
#     0.100000     QQBIN
#     1.000000     ALR
#     0.100000     ALRBIN
#     0.025000     TPBIN
#          100     NBIN
#    -0.004167     TP0 -- TMPMIN(ABS)
#    -0.004169     TP1 -- TMPMIN(ALR)
#     0.029265     RES
#     0.368447     F2N
#*
#*COL1  TP     TPRIME (GEV**2)
#*COL2  PR2    SQUARED RECOIL 3-MOM RF (GEV**2)
#*COL3  PTR    RECOIL TRANSVERSE MOMENTUM (GEV)
#*COL4  FSIG   TAGGED DIFF CROSS SECN (NB/GEV**4)
#*COL5  UNUM   EVENT NUMBER IN BIN
#*COL6  F2/SPOL   TAGGED F2/POLE FACTOR
 -0.0125 0.0000E+00 0.0000E+00 0.0000E+00 0.0000E+00 0.0000E+00
 -0.0375 0.1667E-01 0.1287E+00 0.5094E+06 0.1980E+07 0.2372E+00
 -0.0625 0.2917E-01 0.1700E+00 0.1440E+06 0.5558E+06 0.1863E+00
 -0.0875 0.4167E-01 0.2028E+00 0.5948E+05 0.2280E+06 0.1508E+00
 -0.1125 0.5417E-01 0.2309E+00 0.2983E+05 0.1136E+06 0.1250E+00
 -0.1375 0.6667E-01 0.2557E+00 0.1688E+05 0.6383E+05 0.1056E+00
 -0.1625 0.7917E-01 0.2782E+00 0.1038E+05 0.3899E+05 0.9071E-01
 -0.1875 0.9167E-01 0.2988E+00 0.6784E+04 0.2532E+05 0.7895E-01
 -0.2125 0.1042E+00 0.3180E+00 0.4649E+04 0.1725E+05 0.6950E-01
 -0.2375 0.1167E+00 0.3360E+00 0.3309E+04 0.1220E+05 0.6178E-01
 -0.2625 0.1292E+00 0.3530E+00 0.2428E+04 0.8895E+04 0.5539E-01
 -0.2875 0.1417E+00 0.3691E+00 0.1829E+04 0.6658E+04 0.5004E-01
 -0.3125 0.1542E+00 0.3844E+00 0.1407E+04 0.5093E+04 0.4550E-01
 -0.3375 0.1667E+00 0.3991E+00 0.1104E+04 0.3970E+04 0.4161E-01
 -0.3625 0.1792E+00 0.4131E+00 0.8796E+03 0.3145E+04 0.3826E-01
 -0.3875 0.1917E+00 0.4267E+00 0.7112E+03 0.2528E+04 0.3535E-01
 -0.4125 0.2042E+00 0.4397E+00 0.5823E+03 0.2058E+04 0.3280E-01
 -0.4375 0.2167E+00 0.4523E+00 0.4821E+03 0.1694E+04 0.3055E-01
 -0.4625 0.2292E+00 0.4644E+00 0.4033E+03 0.1409E+04 0.2856E-01
 -0.4875 0.2417E+00 0.4762E+00 0.3404E+03 0.1183E+04 0.2678E-01
 -0.5125 0.2542E+00 0.4877E+00 0.2897E+03 0.1001E+04 0.2519E-01
 -0.5375 0.2667E+00 0.4988E+00 0.2484E+03 0.8538E+03 0.2376E-01
 -0.5625 0.2792E+00 0.5096E+00 0.2145E+03 0.7333E+03 0.2247E-01
 -0.5875 0.2917E+00 0.5201E+00 0.1864E+03 0.6337E+03 0.2130E-01
 -0.6125 0.3042E+00 0.5304E+00 0.1629E+03 0.5509E+03 0.2023E-01
 -0.6375 0.3167E+00 0.5404E+00 0.1431E+03 0.4816E+03 0.1926E-01
 -0.6625 0.3292E+00 0.5502E+00 0.1264E+03 0.4231E+03 0.1837E-01
 -0.6875 0.3417E+00 0.5598E+00 0.1121E+03 0.3734E+03 0.1755E-01
 -0.7125 0.3542E+00 0.5692E+00 0.9992E+02 0.3310E+03 0.1679E-01
 -0.7375 0.3667E+00 0.5783E+00 0.8939E+02 0.2947E+03 0.1610E-01
 -0.7625 0.3792E+00 0.5873E+00 0.8027E+02 0.2633E+03 0.1545E-01
 -0.7875 0.3917E+00 0.5961E+00 0.7234E+02 0.2361E+03 0.1485E-01
 -0.8125 0.4042E+00 0.6047E+00 0.6541E+02 0.2125E+03 0.1429E-01
 -0.8375 0.4167E+00 0.6132E+00 0.5933E+02 0.1918E+03 0.1378E-01
 -0.8625 0.4292E+00 0.6215E+00 0.5397E+02 0.1736E+03 0.1329E-01
 -0.8875 0.4417E+00 0.6297E+00 0.4924E+02 0.1576E+03 0.1284E-01
 -0.9125 0.4542E+00 0.6377E+00 0.4504E+02 0.1435E+03 0.1241E-01
 -0.9375 0.4667E+00 0.6456E+00 0.4130E+02 0.1310E+03 0.1202E-01
 -0.9625 0.4792E+00 0.6534E+00 0.3796E+02 0.1198E+03 0.1164E-01
 -0.9875 0.4917E+00 0.6610E+00 0.3497E+02 0.1099E+03 0.1129E-01
 -1.0125 0.5042E+00 0.6685E+00 0.3228E+02 0.1010E+03 0.1096E-01
 -1.0375 0.5167E+00 0.6759E+00 0.2987E+02 0.9302E+02 0.1064E-01
 -1.0625 0.5292E+00 0.6832E+00 0.2768E+02 0.8584E+02 0.1035E-01
 -1.0875 0.5417E+00 0.6903E+00 0.2571E+02 0.7936E+02 0.1006E-01
 -1.1125 0.5542E+00 0.6974E+00 0.2392E+02 0.7351E+02 0.9799E-02
 -1.1375 0.5667E+00 0.7044E+00 0.2229E+02 0.6820E+02 0.9546E-02
 -1.1625 0.5792E+00 0.7112E+00 0.2080E+02 0.6339E+02 0.9306E-02
 -1.1875 0.5917E+00 0.7180E+00 0.1945E+02 0.5900E+02 0.9078E-02
 -1.2125 0.6042E+00 0.7247E+00 0.1821E+02 0.5501E+02 0.8860E-02
 -1.2375 0.6167E+00 0.7313E+00 0.1707E+02 0.5136E+02 0.8653E-02
 -1.2625 0.6292E+00 0.7378E+00 0.1603E+02 0.4802E+02 0.8456E-02
 -1.2875 0.6417E+00 0.7442E+00 0.1507E+02 0.4496E+02 0.8267E-02
 -1.3125 0.6542E+00 0.7505E+00 0.1418E+02 0.4214E+02 0.8087E-02
 -1.3375 0.6667E+00 0.7568E+00 0.1336E+02 0.3956E+02 0.7915E-02
 -1.3625 0.6792E+00 0.7630E+00 0.1261E+02 0.3718E+02 0.7750E-02
 -1.3875 0.6917E+00 0.7691E+00 0.1191E+02 0.3498E+02 0.7592E-02
 -1.4125 0.7042E+00 0.7751E+00 0.1126E+02 0.3295E+02 0.7440E-02
 -1.4375 0.7167E+00 0.7811E+00 0.1066E+02 0.3107E+02 0.7295E-02
 -1.4625 0.7292E+00 0.7870E+00 0.1011E+02 0.2933E+02 0.7155E-02
 -1.4875 0.7417E+00 0.7929E+00 0.9586E+01 0.2771E+02 0.7021E-02
 -1.5125 0.7542E+00 0.7986E+00 0.9101E+01 0.2621E+02 0.6893E-02
 -1.5375 0.7667E+00 0.8043E+00 0.8649E+01 0.2481E+02 0.6769E-02
 -1.5625 0.7792E+00 0.8100E+00 0.8227E+01 0.2351E+02 0.6649E-02
 -1.5875 0.7917E+00 0.8156E+00 0.7832E+01 0.2230E+02 0.6534E-02
 -1.6125 0.8042E+00 0.8211E+00 0.7463E+01 0.2117E+02 0.6424E-02
 -1.6375 0.8167E+00 0.8266E+00 0.7116E+01 0.2011E+02 0.6317E-02
 -1.6625 0.8292E+00 0.8320E+00 0.6791E+01 0.1912E+02 0.6214E-02
 -1.6875 0.8417E+00 0.8373E+00 0.6486E+01 0.1820E+02 0.6114E-02
 -1.7125 0.8542E+00 0.8426E+00 0.6199E+01 0.1733E+02 0.6018E-02
 -1.7375 0.8667E+00 0.8479E+00 0.5929E+01 0.1651E+02 0.5925E-02
 -1.7625 0.8792E+00 0.8531E+00 0.5674E+01 0.1575E+02 0.5835E-02
 -1.7875 0.8917E+00 0.8582E+00 0.5435E+01 0.1503E+02 0.5749E-02
 -1.8125 0.9042E+00 0.8634E+00 0.5209E+01 0.1435E+02 0.5664E-02
 -1.8375 0.9167E+00 0.8684E+00 0.4995E+01 0.1372E+02 0.5583E-02
 -1.8625 0.9292E+00 0.8734E+00 0.4793E+01 0.1312E+02 0.5504E-02
 -1.8875 0.9417E+00 0.8784E+00 0.4602E+01 0.1255E+02 0.5428E-02
 -1.9125 0.9542E+00 0.8833E+00 0.4421E+01 0.1202E+02 0.5354E-02
 -1.9375 0.9667E+00 0.8882E+00 0.4250E+01 0.1151E+02 0.5282E-02
 -1.9625 0.9792E+00 0.8930E+00 0.4088E+01 0.1104E+02 0.5212E-02
 -1.9875 0.9917E+00 0.8978E+00 0.3934E+01 0.1059E+02 0.5144E-02
 -2.0125 0.1004E+01 0.9026E+00 0.3788E+01 0.1016E+02 0.5078E-02
 -2.0375 0.1017E+01 0.9073E+00 0.3649E+01 0.9754E+01 0.5015E-02
 -2.0625 0.1029E+01 0.9119E+00 0.3517E+01 0.9370E+01 0.4952E-02
 -2.0875 0.1042E+01 0.9166E+00 0.3391E+01 0.9006E+01 0.4892E-02
 -2.1125 0.1054E+01 0.9212E+00 0.3272E+01 0.8661E+01 0.4833E-02
 -2.1375 0.1067E+01 0.9257E+00 0.3158E+01 0.8332E+01 0.4776E-02
 -2.1625 0.1079E+01 0.9302E+00 0.3049E+01 0.8020E+01 0.4721E-02
 -2.1875 0.1092E+01 0.9347E+00 0.2946E+01 0.7724E+01 0.4667E-02
 -2.2125 0.1104E+01 0.9392E+00 0.2847E+01 0.7441E+01 0.4614E-02
 -2.2375 0.1117E+01 0.9436E+00 0.2753E+01 0.7173E+01 0.4563E-02
 -2.2625 0.1129E+01 0.9479E+00 0.2663E+01 0.6917E+01 0.4513E-02
 -2.2875 0.1142E+01 0.9523E+00 0.2577E+01 0.6672E+01 0.4464E-02
 -2.3125 0.1154E+01 0.9566E+00 0.2495E+01 0.6440E+01 0.4416E-02
 -2.3375 0.1167E+01 0.9609E+00 0.2416E+01 0.6217E+01 0.4370E-02
 -2.3625 0.1179E+01 0.9651E+00 0.2341E+01 0.6005E+01 0.4325E-02
 -2.3875 0.1192E+01 0.9693E+00 0.2269E+01 0.5803E+01 0.4281E-02
 -2.4125 0.1204E+01 0.9735E+00 0.2199E+01 0.5609E+01 0.4238E-02
 -2.4375 0.1217E+01 0.9777E+00 0.2133E+01 0.5424E+01 0.4196E-02
 -2.4625 0.1229E+01 0.9818E+00 0.2070E+01 0.5247E+01 0.4155E-02
 -2.4875 0.1242E+01 0.9859E+00 0.2009E+01 0.5077E+01 0.4115E-02
