#*OUTPUT CROSS
#*TABULATE SPIN-DEP CROSS SECTION IN X
#*
#   500.000000     SED
#    10.000000     QQ
#     1.000000     ALR
#     0.030000     X
#     0.005000     TPMIN
#     1.000000     TPMAX
#*
#*COL1 TP
#*COL2  FSIGMA, NEUTRON ACTIVE, IPOL =  1
#*COL3  FSIGMA, NEUTRON ACTIVE, IPOL = -1
#*COL4  ASYM, CALCULATED ASYMETRY
  0.00500 .22487E+05 .20351E+05 .49862E-01
  0.00998 .53063E+04 .48022E+04 .49862E-01
  0.01495 .22232E+04 .20121E+04 .49862E-01
  0.01993 .11803E+04 .10682E+04 .49862E-01
  0.02490 .71408E+03 .64626E+03 .49862E-01
  0.02988 .46953E+03 .42493E+03 .49862E-01
  0.03485 .32714E+03 .29607E+03 .49862E-01
  0.03982 .23789E+03 .21530E+03 .49862E-01
  0.04480 .17879E+03 .16181E+03 .49862E-01
  0.04977 .13794E+03 .12484E+03 .49862E-01
  0.05475 .10874E+03 .98407E+02 .49862E-01
  0.05973 .87257E+02 .78969E+02 .49862E-01
  0.06470 .71089E+02 .64337E+02 .49862E-01
  0.06968 .58677E+02 .53103E+02 .49862E-01
  0.07465 .48983E+02 .44330E+02 .49862E-01
  0.07963 .41300E+02 .37377E+02 .49862E-01
  0.08460 .35131E+02 .31794E+02 .49862E-01
  0.08958 .30121E+02 .27260E+02 .49862E-01
  0.09455 .26009E+02 .23538E+02 .49862E-01
  0.09953 .22603E+02 .20456E+02 .49862E-01
  0.10450 .19758E+02 .17881E+02 .49862E-01
  0.10948 .17364E+02 .15715E+02 .49862E-01
  0.11445 .15336E+02 .13879E+02 .49862E-01
  0.11943 .13605E+02 .12313E+02 .49862E-01
  0.12440 .12121E+02 .10970E+02 .49862E-01
  0.12938 .10841E+02 .98113E+01 .49862E-01
  0.13435 .97314E+01 .88070E+01 .49862E-01
  0.13933 .87649E+01 .79323E+01 .49862E-01
  0.14430 .79195E+01 .71672E+01 .49862E-01
  0.14928 .71770E+01 .64952E+01 .49862E-01
  0.15425 .65223E+01 .59028E+01 .49862E-01
  0.15923 .59430E+01 .53785E+01 .49862E-01
  0.16420 .54287E+01 .49131E+01 .49862E-01
  0.16918 .49706E+01 .44985E+01 .49862E-01
  0.17415 .45614E+01 .41281E+01 .49862E-01
  0.17913 .41947E+01 .37963E+01 .49862E-01
  0.18410 .38653E+01 .34982E+01 .49862E-01
  0.18908 .35687E+01 .32297E+01 .49862E-01
  0.19405 .33008E+01 .29873E+01 .49862E-01
  0.19903 .30584E+01 .27679E+01 .49862E-01
  0.20400 .28385E+01 .25689E+01 .49862E-01
  0.20898 .26386E+01 .23880E+01 .49862E-01
  0.21395 .24566E+01 .22232E+01 .49862E-01
  0.21893 .22904E+01 .20729E+01 .49862E-01
  0.22390 .21386E+01 .19354E+01 .49862E-01
  0.22888 .19994E+01 .18095E+01 .49862E-01
  0.23385 .18718E+01 .16940E+01 .49862E-01
  0.23883 .17545E+01 .15878E+01 .49862E-01
  0.24380 .16465E+01 .14901E+01 .49862E-01
  0.24878 .15470E+01 .14001E+01 .49862E-01
  0.25375 .14551E+01 .13169E+01 .49862E-01
  0.25873 .13701E+01 .12400E+01 .49862E-01
  0.26370 .12915E+01 .11688E+01 .49862E-01
  0.26867 .12186E+01 .11028E+01 .49862E-01
  0.27365 .11509E+01 .10416E+01 .49862E-01
  0.27863 .10880E+01 .98466E+00 .49862E-01
  0.28360 .10295E+01 .93169E+00 .49862E-01
  0.28858 .97497E+00 .88236E+00 .49862E-01
  0.29355 .92413E+00 .83635E+00 .49862E-01
  0.29853 .87666E+00 .79339E+00 .49862E-01
  0.30350 .83231E+00 .75325E+00 .49862E-01
  0.30847 .79081E+00 .71569E+00 .49862E-01
  0.31345 .75195E+00 .68053E+00 .49862E-01
  0.31843 .71553E+00 .64757E+00 .49862E-01
  0.32340 .68136E+00 .61664E+00 .49862E-01
  0.32838 .64927E+00 .58760E+00 .49862E-01
  0.33335 .61911E+00 .56030E+00 .49862E-01
  0.33833 .59074E+00 .53463E+00 .49862E-01
  0.34330 .56403E+00 .51046E+00 .49862E-01
  0.34828 .53887E+00 .48768E+00 .49862E-01
  0.35325 .51514E+00 .46621E+00 .49862E-01
  0.35823 .49274E+00 .44594E+00 .49862E-01
  0.36320 .47159E+00 .42680E+00 .49862E-01
  0.36818 .45161E+00 .40871E+00 .49862E-01
  0.37315 .43270E+00 .39160E+00 .49862E-01
  0.37813 .41481E+00 .37541E+00 .49862E-01
  0.38310 .39787E+00 .36008E+00 .49862E-01
  0.38808 .38182E+00 .34555E+00 .49862E-01
  0.39305 .36659E+00 .33177E+00 .49862E-01
  0.39803 .35214E+00 .31869E+00 .49862E-01
  0.40300 .33843E+00 .30628E+00 .49862E-01
  0.40798 .32540E+00 .29449E+00 .49862E-01
  0.41295 .31301E+00 .28328E+00 .49862E-01
  0.41793 .30123E+00 .27261E+00 .49862E-01
  0.42290 .29001E+00 .26247E+00 .49862E-01
  0.42788 .27934E+00 .25280E+00 .49862E-01
  0.43285 .26917E+00 .24360E+00 .49862E-01
  0.43783 .25947E+00 .23482E+00 .49862E-01
  0.44280 .25022E+00 .22645E+00 .49862E-01
  0.44778 .24140E+00 .21847E+00 .49862E-01
  0.45275 .23298E+00 .21085E+00 .49862E-01
  0.45773 .22493E+00 .20357E+00 .49862E-01
  0.46270 .21725E+00 .19661E+00 .49862E-01
  0.46768 .20990E+00 .18996E+00 .49862E-01
  0.47265 .20287E+00 .18360E+00 .49862E-01
  0.47763 .19614E+00 .17751E+00 .49862E-01
  0.48260 .18970E+00 .17168E+00 .49862E-01
  0.48758 .18354E+00 .16610E+00 .49862E-01
  0.49255 .17763E+00 .16076E+00 .49862E-01
  0.49753 .17197E+00 .15563E+00 .49862E-01
  0.50250 .16654E+00 .15072E+00 .49862E-01
  0.50748 .16133E+00 .14601E+00 .49862E-01
  0.51245 .15633E+00 .14148E+00 .49862E-01
  0.51743 .15154E+00 .13714E+00 .49862E-01
  0.52240 .14693E+00 .13297E+00 .49862E-01
  0.52738 .14250E+00 .12897E+00 .49862E-01
  0.53235 .13825E+00 .12512E+00 .49862E-01
  0.53733 .13416E+00 .12141E+00 .49862E-01
  0.54230 .13022E+00 .11785E+00 .49862E-01
  0.54728 .12644E+00 .11443E+00 .49862E-01
  0.55225 .12280E+00 .11113E+00 .49862E-01
  0.55723 .11929E+00 .10796E+00 .49862E-01
  0.56220 .11591E+00 .10490E+00 .49862E-01
  0.56717 .11266E+00 .10196E+00 .49862E-01
  0.57215 .10953E+00 .99122E-01 .49862E-01
  0.57712 .10650E+00 .96387E-01 .49862E-01
  0.58210 .10359E+00 .93750E-01 .49862E-01
  0.58708 .10078E+00 .91206E-01 .49862E-01
  0.59205 .98068E-01 .88752E-01 .49862E-01
  0.59703 .95451E-01 .86384E-01 .49862E-01
  0.60200 .92924E-01 .84098E-01 .49862E-01
  0.60698 .90485E-01 .81890E-01 .49862E-01
  0.61195 .88128E-01 .79757E-01 .49862E-01
  0.61693 .85851E-01 .77697E-01 .49862E-01
  0.62190 .83651E-01 .75705E-01 .49862E-01
  0.62688 .81524E-01 .73780E-01 .49862E-01
  0.63185 .79467E-01 .71918E-01 .49862E-01
  0.63683 .77477E-01 .70118E-01 .49862E-01
  0.64180 .75553E-01 .68376E-01 .49862E-01
  0.64677 .73690E-01 .66690E-01 .49862E-01
  0.65175 .71887E-01 .65059E-01 .49862E-01
  0.65673 .70142E-01 .63479E-01 .49862E-01
  0.66170 .68452E-01 .61949E-01 .49862E-01
  0.66668 .66814E-01 .60468E-01 .49862E-01
  0.67165 .65228E-01 .59032E-01 .49862E-01
  0.67663 .63691E-01 .57641E-01 .49862E-01
  0.68160 .62201E-01 .56292E-01 .49862E-01
  0.68658 .60756E-01 .54985E-01 .49862E-01
  0.69155 .59355E-01 .53717E-01 .49862E-01
  0.69653 .57996E-01 .52487E-01 .49862E-01
  0.70150 .56678E-01 .51294E-01 .49862E-01
  0.70648 .55399E-01 .50137E-01 .49862E-01
  0.71145 .54157E-01 .49013E-01 .49862E-01
  0.71643 .52952E-01 .47922E-01 .49862E-01
  0.72140 .51782E-01 .46863E-01 .49862E-01
  0.72637 .50645E-01 .45835E-01 .49862E-01
  0.73135 .49541E-01 .44836E-01 .49862E-01
  0.73633 .48469E-01 .43865E-01 .49862E-01
  0.74130 .47427E-01 .42922E-01 .49862E-01
  0.74628 .46414E-01 .42005E-01 .49862E-01
  0.75125 .45429E-01 .41114E-01 .49862E-01
  0.75623 .44472E-01 .40248E-01 .49862E-01
  0.76120 .43541E-01 .39405E-01 .49862E-01
  0.76618 .42636E-01 .38586E-01 .49862E-01
  0.77115 .41755E-01 .37789E-01 .49862E-01
  0.77613 .40898E-01 .37013E-01 .49862E-01
  0.78110 .40064E-01 .36258E-01 .49862E-01
  0.78608 .39252E-01 .35524E-01 .49862E-01
  0.79105 .38462E-01 .34808E-01 .49862E-01
  0.79603 .37693E-01 .34112E-01 .49862E-01
  0.80100 .36943E-01 .33434E-01 .49862E-01
  0.80597 .36214E-01 .32774E-01 .49862E-01
  0.81095 .35503E-01 .32131E-01 .49862E-01
  0.81593 .34810E-01 .31504E-01 .49862E-01
  0.82090 .34136E-01 .30893E-01 .49862E-01
  0.82588 .33478E-01 .30298E-01 .49862E-01
  0.83085 .32837E-01 .29718E-01 .49862E-01
  0.83583 .32212E-01 .29152E-01 .49862E-01
  0.84080 .31603E-01 .28601E-01 .49862E-01
  0.84578 .31008E-01 .28063E-01 .49862E-01
  0.85075 .30429E-01 .27539E-01 .49862E-01
  0.85573 .29864E-01 .27027E-01 .49862E-01
  0.86070 .29312E-01 .26528E-01 .49862E-01
  0.86568 .28774E-01 .26041E-01 .49862E-01
  0.87065 .28249E-01 .25565E-01 .49862E-01
  0.87563 .27736E-01 .25102E-01 .49862E-01
  0.88060 .27236E-01 .24649E-01 .49862E-01
  0.88558 .26747E-01 .24207E-01 .49862E-01
  0.89055 .26270E-01 .23775E-01 .49862E-01
  0.89553 .25805E-01 .23354E-01 .49862E-01
  0.90050 .25350E-01 .22942E-01 .49862E-01
  0.90548 .24905E-01 .22540E-01 .49862E-01
  0.91045 .24471E-01 .22147E-01 .49862E-01
  0.91543 .24047E-01 .21763E-01 .49862E-01
  0.92040 .23633E-01 .21388E-01 .49862E-01
  0.92538 .23228E-01 .21021E-01 .49862E-01
  0.93035 .22832E-01 .20663E-01 .49862E-01
  0.93533 .22445E-01 .20313E-01 .49862E-01
  0.94030 .22066E-01 .19970E-01 .49862E-01
  0.94528 .21696E-01 .19636E-01 .49862E-01
  0.95025 .21335E-01 .19308E-01 .49862E-01
  0.95523 .20981E-01 .18988E-01 .49862E-01
  0.96020 .20635E-01 .18675E-01 .49862E-01
  0.96518 .20296E-01 .18368E-01 .49862E-01
  0.97015 .19965E-01 .18068E-01 .49862E-01
  0.97513 .19641E-01 .17775E-01 .49862E-01
  0.98010 .19324E-01 .17488E-01 .49862E-01
  0.98508 .19013E-01 .17207E-01 .49862E-01
  0.99005 .18709E-01 .16932E-01 .49862E-01
  0.99503 .18412E-01 .16663E-01 .49862E-01
  1.00000 .18121E-01 .16400E-01 .49862E-01
